Turbo Assembler	 Version 4.1	    16/02/26 23:28:51	    Page 1
video.asm



      1	0000			     .model tiny
      2	0000			     .code
      3				     org 100h
      4	      =B800		     VIDEOSEG equ 0B800h
      5				     ;_______________________________________________________________________________________________
      6				     _____________________________________________________
      7	0100			     Start:
      8	0100  33 C9			 xor cx, cx
      9	0102  32 ED			     xor ch, ch
     10	0104  8B 0E 0080		 mov cx, ds:[80h]
     11	0108  BE 0080			     mov si, 80h
     12	010B  BF 0640			 mov di, 1600
     13
     14	010E  E8 0005			 call PrintChars
     15
     16	0111  B8 4C00			 mov ax, 4c00h
     17	0114  CD 21			 int 21h
     18				     ;_______________________________________________________________________________________________
     19				     _____________________________________________________
     20	0116			     PrintChars	proc
     21	0116  B8 B800			 mov ax, VIDEOSEG
     22	0119  8E C0			 mov es, ax
     23	011B  B4 CE			 mov ah, 0CEh
     24
     25	011D			     NextChar:
     26	011D  AC			 lodsb		      ;	Загружает байт из ds:[si] в AL и		    +
     27				     инкрементирует SI
     28	011E  26: 89 05			 mov es:[di], ax      ;	Пишем символ	и атрибут в видеопамять
     29	0121  83 C7 02			 add di, 2	      ;	Переходим к следующему знакоместу	(2  +
     30				     байта)
     31	0124  E2 F7			 loop NextChar	      ;	CX--, если не 0, прыгаем на NextChar
     32
     33	0126  C3			 ret		      ;	Возврат в Start
     34	0127			     PrintChars	endp
     35				     ;_______________________________________________________________________________________________
     36				     _____________________________________________________
     37
     38				     end Start
Turbo Assembler	 Version 4.1	    16/02/26 23:28:51	    Page 2
Symbol Table




Symbol Name			  Type	 Value

??DATE				  Text	 "16/02/26"
??FILENAME			  Text	 "video	  "
??TIME				  Text	 "23:28:51"
??VERSION			  Number 040A
@32BIT				  Text	 0
@CODE				  Text	 DGROUP
@CODESIZE			  Text	 0
@CPU				  Text	 0101H
@CURSEG				  Text	 _TEXT
@DATA				  Text	 DGROUP
@DATASIZE			  Text	 0
@FILENAME			  Text	 VIDEO
@INTERFACE			  Text	 000H
@MODEL				  Text	 1
@STACK				  Text	 DGROUP
@WORDSIZE			  Text	 2
NEXTCHAR			  Near	 DGROUP:011D
PRINTCHARS			  Near	 DGROUP:0116
START				  Near	 DGROUP:0100
VIDEOSEG			  Number B800

Groups & Segments		  Bit Size Align  Combine Class

DGROUP				  Group
  _DATA				  16  0000 Word	  Public  DATA
  _TEXT				  16  0127 Word	  Public  CODE
